
================================================================
======== txAdmin Starting - 17/01/2024, 12:34:03                
================================================================
[12:34:42] txAdmin: Logger started
[12:37:45] txAdmin: Logger started
[12:40:42] [aMzqT#1] Wolfy Dev: joined with identifiers [license:525fa2ba075115294b0606735621fca0282600d0; xbl:2535450397870124; live:844425512482730; discord:1012804832777744434; fivem:6862164; license2:719ea9efd4a6e5f19a4005effb58b60b1e6b0aaa]
[12:42:03] [aMzqT#1] Wolfy Dev: disconnected (Exiting)

================================================================
======== txAdmin Starting - 17/01/2024, 12:42:29                
================================================================
[12:42:35] txAdmin: Logger started
[12:42:39] [aUKcY#1] Wolfy Dev: joined with identifiers [license:525fa2ba075115294b0606735621fca0282600d0; xbl:2535450397870124; live:844425512482730; discord:1012804832777744434; fivem:6862164; license2:719ea9efd4a6e5f19a4005effb58b60b1e6b0aaa]
[13:14:04] [aUKcY#1] Wolfy Dev: disconnected (Exiting)

================================================================
======== txAdmin Starting - 17/01/2024, 13:14:24                
================================================================
[13:14:33] txAdmin: Logger started
[13:14:35] [hebU6#1] Wolfy Dev: joined with identifiers [license:525fa2ba075115294b0606735621fca0282600d0; xbl:2535450397870124; live:844425512482730; discord:1012804832777744434; fivem:6862164; license2:719ea9efd4a6e5f19a4005effb58b60b1e6b0aaa]

================================================================
======== txAdmin Starting - 17/01/2024, 14:15:03                
================================================================
[14:15:06] txAdmin: Logger started

================================================================
======== txAdmin Starting - 17/01/2024, 14:15:56                
================================================================
[14:16:09] txAdmin: Logger started

================================================================
======== txAdmin Starting - 17/01/2024, 14:22:59                
================================================================
[14:23:02] txAdmin: Logger started
[14:23:15] [bH9pr#1] Wolfy Dev: joined with identifiers [license:525fa2ba075115294b0606735621fca0282600d0; xbl:2535450397870124; live:844425512482730; discord:1012804832777744434; fivem:6862164; license2:719ea9efd4a6e5f19a4005effb58b60b1e6b0aaa]
[14:23:32] [bH9pr#1] Wolfy Dev: disconnected (Game crashed: GTA5_b3095.exe!sub_1416551DC (0xcd))
[14:23:56] [bH9pr#2] Wolfy Dev: joined with identifiers [license:525fa2ba075115294b0606735621fca0282600d0; xbl:2535450397870124; live:844425512482730; discord:1012804832777744434; fivem:6862164; license2:719ea9efd4a6e5f19a4005effb58b60b1e6b0aaa]
[14:26:11] [bH9pr#2] Wolfy Dev: disconnected (Exiting)

================================================================
======== txAdmin Starting - 17/01/2024, 14:26:25                
================================================================
[14:26:28] txAdmin: Logger started
[14:26:31] [P7Thc#1] Wolfy Dev: joined with identifiers [license:525fa2ba075115294b0606735621fca0282600d0; xbl:2535450397870124; live:844425512482730; discord:1012804832777744434; fivem:6862164; license2:719ea9efd4a6e5f19a4005effb58b60b1e6b0aaa]
[14:32:15] [P7Thc#1] Wolfy Dev: disconnected (Exiting)

================================================================
======== txAdmin Starting - 17/01/2024, 14:32:19                
================================================================
[14:32:29] txAdmin: Logger started
[14:32:39] [QxmAf#1] Wolfy Dev: joined with identifiers [license:525fa2ba075115294b0606735621fca0282600d0; xbl:2535450397870124; live:844425512482730; discord:1012804832777744434; fivem:6862164; license2:719ea9efd4a6e5f19a4005effb58b60b1e6b0aaa]
[14:34:56] [QxmAf#1] Wolfy Dev: disconnected (Disconnected.)
[14:38:03] [QxmAf#2] Primordial_Studio: joined with identifiers [license:525fa2ba075115294b0606735621fca0282600d0; xbl:2535450397870124; live:844425512482730; discord:1012804832777744434; fivem:12926535; license2:719ea9efd4a6e5f19a4005effb58b60b1e6b0aaa]
[14:38:40] [QxmAf#2] Primordial_Studio: enabled noclip
[14:38:42] [QxmAf#2] Primordial_Studio: became mortal (standard mode)
[14:38:42] [QxmAf#2] Primordial_Studio: enabled noclip
[14:38:49] [QxmAf#2] Primordial_Studio: became mortal (standard mode)
[14:38:50] [QxmAf#2] Primordial_Studio: enabled noclip
[14:38:50] [QxmAf#2] Primordial_Studio: became mortal (standard mode)
