
================================================================
======== txAdmin Starting - 17/01/2024, 12:34:03                
================================================================
[12:34:42] txAdmin: Logger started
[12:37:45] txAdmin: Logger started
[12:40:42] [aMzqT#1] Wolfy Dev: joined with identifiers [license:525fa2ba075115294b0606735621fca0282600d0; xbl:2535450397870124; live:844425512482730; discord:1012804832777744434; fivem:6862164; license2:719ea9efd4a6e5f19a4005effb58b60b1e6b0aaa]
[12:42:03] [aMzqT#1] Wolfy Dev: disconnected (Exiting)

================================================================
======== txAdmin Starting - 17/01/2024, 12:42:29                
================================================================
[12:42:35] txAdmin: Logger started
[12:42:39] [aUKcY#1] Wolfy Dev: joined with identifiers [license:525fa2ba075115294b0606735621fca0282600d0; xbl:2535450397870124; live:844425512482730; discord:1012804832777744434; fivem:6862164; license2:719ea9efd4a6e5f19a4005effb58b60b1e6b0aaa]
[13:14:04] [aUKcY#1] Wolfy Dev: disconnected (Exiting)

================================================================
======== txAdmin Starting - 17/01/2024, 13:14:24                
================================================================
[13:14:33] txAdmin: Logger started
[13:14:35] [hebU6#1] Wolfy Dev: joined with identifiers [license:525fa2ba075115294b0606735621fca0282600d0; xbl:2535450397870124; live:844425512482730; discord:1012804832777744434; fivem:6862164; license2:719ea9efd4a6e5f19a4005effb58b60b1e6b0aaa]

================================================================
======== txAdmin Starting - 17/01/2024, 14:15:03                
================================================================
[14:15:06] txAdmin: Logger started

================================================================
======== txAdmin Starting - 17/01/2024, 14:15:56                
================================================================
[14:16:09] txAdmin: Logger started

================================================================
======== txAdmin Starting - 17/01/2024, 14:22:59                
================================================================
[14:23:02] txAdmin: Logger started
[14:23:15] [bH9pr#1] Wolfy Dev: joined with identifiers [license:525fa2ba075115294b0606735621fca0282600d0; xbl:2535450397870124; live:844425512482730; discord:1012804832777744434; fivem:6862164; license2:719ea9efd4a6e5f19a4005effb58b60b1e6b0aaa]
[14:23:32] [bH9pr#1] Wolfy Dev: disconnected (Game crashed: GTA5_b3095.exe!sub_1416551DC (0xcd))
[14:23:56] [bH9pr#2] Wolfy Dev: joined with identifiers [license:525fa2ba075115294b0606735621fca0282600d0; xbl:2535450397870124; live:844425512482730; discord:1012804832777744434; fivem:6862164; license2:719ea9efd4a6e5f19a4005effb58b60b1e6b0aaa]
[14:26:11] [bH9pr#2] Wolfy Dev: disconnected (Exiting)

================================================================
======== txAdmin Starting - 17/01/2024, 14:26:25                
================================================================
[14:26:28] txAdmin: Logger started
[14:26:31] [P7Thc#1] Wolfy Dev: joined with identifiers [license:525fa2ba075115294b0606735621fca0282600d0; xbl:2535450397870124; live:844425512482730; discord:1012804832777744434; fivem:6862164; license2:719ea9efd4a6e5f19a4005effb58b60b1e6b0aaa]
[14:32:15] [P7Thc#1] Wolfy Dev: disconnected (Exiting)

================================================================
======== txAdmin Starting - 17/01/2024, 14:32:19                
================================================================
[14:32:29] txAdmin: Logger started
[14:32:39] [QxmAf#1] Wolfy Dev: joined with identifiers [license:525fa2ba075115294b0606735621fca0282600d0; xbl:2535450397870124; live:844425512482730; discord:1012804832777744434; fivem:6862164; license2:719ea9efd4a6e5f19a4005effb58b60b1e6b0aaa]
[14:34:56] [QxmAf#1] Wolfy Dev: disconnected (Disconnected.)
[14:38:03] [QxmAf#2] Primordial_Studio: joined with identifiers [license:525fa2ba075115294b0606735621fca0282600d0; xbl:2535450397870124; live:844425512482730; discord:1012804832777744434; fivem:12926535; license2:719ea9efd4a6e5f19a4005effb58b60b1e6b0aaa]
[14:38:40] [QxmAf#2] Primordial_Studio: enabled noclip
[14:38:42] [QxmAf#2] Primordial_Studio: became mortal (standard mode)
[14:38:42] [QxmAf#2] Primordial_Studio: enabled noclip
[14:38:49] [QxmAf#2] Primordial_Studio: became mortal (standard mode)
[14:38:50] [QxmAf#2] Primordial_Studio: enabled noclip
[14:38:50] [QxmAf#2] Primordial_Studio: became mortal (standard mode)
[14:47:02] [QxmAf#2] Primordial_Studio: disconnected (Server shutting down: SIGHUP received)

================================================================
======== txAdmin Starting - 17/01/2024, 15:27:45                
================================================================
[15:27:48] txAdmin: Logger started

================================================================
======== txAdmin Starting - 17/01/2024, 15:29:29                
================================================================
[15:29:32] txAdmin: Logger started
[15:29:58] [3t444#1] Primordial_Studio: joined with identifiers [license:525fa2ba075115294b0606735621fca0282600d0; xbl:2535450397870124; live:844425512482730; discord:1012804832777744434; fivem:12926535; license2:719ea9efd4a6e5f19a4005effb58b60b1e6b0aaa]
[15:30:53] [3t444#1] Primordial_Studio: disconnected (Exiting)

================================================================
======== txAdmin Starting - 17/01/2024, 15:39:11                
================================================================
[15:39:14] txAdmin: Logger started
[15:39:22] [wGVt9#1] Primordial_Studio: joined with identifiers [license:525fa2ba075115294b0606735621fca0282600d0; xbl:2535450397870124; live:844425512482730; discord:1012804832777744434; fivem:12926535; license2:719ea9efd4a6e5f19a4005effb58b60b1e6b0aaa]
[15:49:49] [wGVt9#1] Primordial_Studio: disconnected (Exiting)
[15:50:04] txAdmin: Logger started
[15:50:07] [hxFwi#1] Primordial_Studio: joined with identifiers [license:525fa2ba075115294b0606735621fca0282600d0; xbl:2535450397870124; live:844425512482730; discord:1012804832777744434; fivem:12926535; license2:719ea9efd4a6e5f19a4005effb58b60b1e6b0aaa]
[15:51:48] [hxFwi#1] Primordial_Studio: disconnected (Exiting)
[15:51:59] txAdmin: Logger started
[15:54:59] txAdmin: Logger started
[15:55:06] [kX6ji#1] Primordial_Studio: joined with identifiers [license:525fa2ba075115294b0606735621fca0282600d0; xbl:2535450397870124; live:844425512482730; discord:1012804832777744434; fivem:12926535; license2:719ea9efd4a6e5f19a4005effb58b60b1e6b0aaa]
[16:16:03] [kX6ji#1] Primordial_Studio: disconnected ([txAdmin] Server restarting (requested by Primordial_Dev).)
[16:16:12] txAdmin: Logger started
[16:16:20] [AMEUq#1] Primordial_Studio: joined with identifiers [license:525fa2ba075115294b0606735621fca0282600d0; xbl:2535450397870124; live:844425512482730; discord:1012804832777744434; fivem:12926535; license2:719ea9efd4a6e5f19a4005effb58b60b1e6b0aaa]
[16:29:42] [AMEUq#1] Primordial_Studio: disconnected (Exiting)
[16:29:53] txAdmin: Logger started
[16:30:01] [g4y4e#1] Primordial_Studio: joined with identifiers [license:525fa2ba075115294b0606735621fca0282600d0; xbl:2535450397870124; live:844425512482730; discord:1012804832777744434; fivem:12926535; license2:719ea9efd4a6e5f19a4005effb58b60b1e6b0aaa]
[16:47:09] [g4y4e#1] Primordial_Studio: disconnected (Exiting)

================================================================
======== txAdmin Starting - 17/01/2024, 16:47:12                
================================================================
[16:47:15] txAdmin: Logger started
[16:47:42] [8AzFq#1] Primordial_Studio: joined with identifiers [license:525fa2ba075115294b0606735621fca0282600d0; xbl:2535450397870124; live:844425512482730; discord:1012804832777744434; fivem:12926535; license2:719ea9efd4a6e5f19a4005effb58b60b1e6b0aaa]
[16:55:26] [8AzFq#1] Primordial_Studio: said "/qsuit"
[16:55:28] [8AzFq#1] Primordial_Studio: disconnected (Exiting)
[16:55:49] txAdmin: Logger started
[16:55:55] [VY6qU#1] Primordial_Studio: joined with identifiers [license:525fa2ba075115294b0606735621fca0282600d0; xbl:2535450397870124; live:844425512482730; discord:1012804832777744434; fivem:12926535; license2:719ea9efd4a6e5f19a4005effb58b60b1e6b0aaa]
[17:13:05] [VY6qU#1] Primordial_Studio: caused an explosion (PLANE)
[17:13:05] [VY6qU#1] Primordial_Studio: died from suicide (Explosion)
[17:13:11] [VY6qU#1] Primordial_Studio: disconnected (Exiting)
[17:15:27] txAdmin: Logger started
[17:15:38] [qbcUc#1] Primordial_Studio: joined with identifiers [license:525fa2ba075115294b0606735621fca0282600d0; xbl:2535450397870124; live:844425512482730; discord:1184805581626810415; fivem:12926535; license2:719ea9efd4a6e5f19a4005effb58b60b1e6b0aaa]
[17:16:00] [qbcUc#1] Primordial_Studio: died from suicide (Falling)
[17:26:29] [qbcUc#1] Primordial_Studio: disconnected (Exiting)

================================================================
======== txAdmin Starting - 17/01/2024, 19:43:19                
================================================================
[19:43:22] txAdmin: Logger started
[19:43:37] [qhPhw#1] Primordial_Studio: joined with identifiers [license:525fa2ba075115294b0606735621fca0282600d0; xbl:2535450397870124; live:844425512482730; discord:1012804832777744434; fivem:12926535; license2:719ea9efd4a6e5f19a4005effb58b60b1e6b0aaa]
[19:44:17] [qhPhw#1] Primordial_Studio: said "/res"
[19:44:17] [qhPhw#1] Primordial_Studio: said "/on )"
[19:44:46] [qhPhw#1] Primordial_Studio: enabled noclip
[19:45:04] [qhPhw#1] Primordial_Studio: became mortal (standard mode)
[19:50:27] [qhPhw#1] Primordial_Studio: enabled noclip
[19:51:42] [qhPhw#1] Primordial_Studio: became mortal (standard mode)
[19:53:08] [qhPhw#1] Primordial_Studio: enabled noclip
[19:53:08] [qhPhw#1] Primordial_Studio: became mortal (standard mode)
[19:56:05] [qhPhw#1] Primordial_Studio: caused an explosion (PLANE)
[19:56:05] [qhPhw#1] Primordial_Studio: died from suicide (Explosion)
[20:00:00] [qhPhw#1] Primordial_Studio: disconnected (Exiting)

================================================================
======== txAdmin Starting - 17/01/2024, 20:00:09                
================================================================
[20:00:11] txAdmin: Logger started
[20:00:34] [cxV6r#1] Primordial_Studio: joined with identifiers [license:525fa2ba075115294b0606735621fca0282600d0; xbl:2535450397870124; live:844425512482730; discord:1012804832777744434; fivem:12926535; license2:719ea9efd4a6e5f19a4005effb58b60b1e6b0aaa]
[20:01:24] [cxV6r#1] Primordial_Studio: enabled noclip
[20:08:48] [cxV6r#1] Primordial_Studio: became mortal (standard mode)
[20:09:56] [cxV6r#1] Primordial_Studio: enabled noclip
[20:09:57] [cxV6r#1] Primordial_Studio: became mortal (standard mode)
[20:10:05] [cxV6r#1] Primordial_Studio: enabled noclip
[20:10:07] [cxV6r#1] Primordial_Studio: became mortal (standard mode)
[20:10:49] [cxV6r#1] Primordial_Studio: enabled noclip
[20:10:54] [cxV6r#1] Primordial_Studio: became mortal (standard mode)
[20:13:00] [cxV6r#1] Primordial_Studio: caused an explosion (PLANE)
[20:13:00] [cxV6r#1] Primordial_Studio: caused an explosion (PLANE)
[20:13:00] [cxV6r#1] Primordial_Studio: caused an explosion (PLANE)
[20:13:00] [cxV6r#1] Primordial_Studio: caused an explosion (PLANE)
[20:13:00] [cxV6r#1] Primordial_Studio: caused an explosion (PLANE)
[20:13:00] [cxV6r#1] Primordial_Studio: caused an explosion (PLANE)
[20:13:00] [cxV6r#1] Primordial_Studio: died from suicide (Explosion)
[20:13:27] [cxV6r#1] Primordial_Studio: disconnected (Exiting)
[20:33:57] [cxV6r#2] Primordial_Studio: joined with identifiers [license:525fa2ba075115294b0606735621fca0282600d0; xbl:2535450397870124; live:844425512482730; discord:1012804832777744434; fivem:12926535; license2:719ea9efd4a6e5f19a4005effb58b60b1e6b0aaa]
[20:34:25] [cxV6r#2] Primordial_Studio: died from suicide (Falling)
[20:34:34] [cxV6r#2] Primordial_Studio: enabled noclip
[20:34:43] [cxV6r#2] Primordial_Studio: became mortal (standard mode)
[20:36:05] [cxV6r#2] Primordial_Studio: enabled noclip
[20:36:42] [cxV6r#2] Primordial_Studio: became mortal (standard mode)
[20:36:56] [cxV6r#2] Primordial_Studio: enabled noclip
[20:36:57] [cxV6r#2] Primordial_Studio: became mortal (standard mode)
[20:36:57] [cxV6r#2] Primordial_Studio: enabled noclip
[20:36:59] [cxV6r#2] Primordial_Studio: became mortal (standard mode)
[20:37:01] [cxV6r#2] Primordial_Studio: enabled noclip
[20:39:08] [cxV6r#2] Primordial_Studio: became mortal (standard mode)
[20:40:37] [cxV6r#2] Primordial_Studio: enabled noclip
[20:41:55] [cxV6r#2] Primordial_Studio: became mortal (standard mode)
[20:42:01] [cxV6r#2] Primordial_Studio: said "/cat thruster"
[20:46:32] [cxV6r#2] Primordial_Studio: enabled noclip
[20:46:32] [cxV6r#2] Primordial_Studio: became mortal (standard mode)
[20:47:05] [cxV6r#2] Primordial_Studio: caused an explosion (PLANE)
[20:47:05] [cxV6r#2] Primordial_Studio: died from suicide (Explosion)
[20:47:12] [cxV6r#2] Primordial_Studio: said "/revive me"
[20:47:15] [cxV6r#2] Primordial_Studio: disconnected (Exiting)

================================================================
======== txAdmin Starting - 17/01/2024, 20:47:19                
================================================================
[20:47:22] txAdmin: Logger started
[20:47:44] [KKCbB#1] Primordial_Studio: joined with identifiers [license:525fa2ba075115294b0606735621fca0282600d0; xbl:2535450397870124; live:844425512482730; discord:1012804832777744434; fivem:12926535; license2:719ea9efd4a6e5f19a4005effb58b60b1e6b0aaa]
[20:50:06] [KKCbB#1] Primordial_Studio: caused an explosion (PLANE)
[20:50:06] [KKCbB#1] Primordial_Studio: died from suicide (Explosion)
[20:50:18] [KKCbB#1] Primordial_Studio: enabled noclip
[20:50:18] [KKCbB#1] Primordial_Studio: became mortal (standard mode)
[20:50:20] [KKCbB#1] Primordial_Studio: enabled noclip
[21:31:31] [KKCbB#1] Primordial_Studio: became mortal (standard mode)
[21:32:13] [KKCbB#1] Primordial_Studio: enabled noclip
[21:41:48] [KKCbB#1] Primordial_Studio: became mortal (standard mode)
[21:41:49] [KKCbB#1] Primordial_Studio: enabled noclip
[21:41:49] [KKCbB#1] Primordial_Studio: became mortal (standard mode)
[21:41:59] [KKCbB#1] Primordial_Studio: enabled noclip
[21:42:06] [KKCbB#1] Primordial_Studio: became mortal (standard mode)
[21:42:07] [KKCbB#1] Primordial_Studio: enabled noclip
[21:42:07] [KKCbB#1] Primordial_Studio: became mortal (standard mode)
[21:42:08] [KKCbB#1] Primordial_Studio: enabled noclip
[21:42:08] [KKCbB#1] Primordial_Studio: became mortal (standard mode)
[21:42:09] [KKCbB#1] Primordial_Studio: enabled noclip
[21:42:10] [KKCbB#1] Primordial_Studio: became mortal (standard mode)
[21:42:10] [KKCbB#1] Primordial_Studio: enabled noclip
[21:42:13] [KKCbB#1] Primordial_Studio: became mortal (standard mode)
[21:42:29] [KKCbB#1] Primordial_Studio: enabled noclip
[21:42:38] [KKCbB#1] Primordial_Studio: became mortal (standard mode)
[21:50:38] [KKCbB#1] Primordial_Studio: enabled noclip
[21:50:48] [KKCbB#1] Primordial_Studio: became mortal (standard mode)
[22:16:05] [KKCbB#1] Primordial_Studio: repaired their vehicle
